# JRE version: OpenJDK Runtime Environment Temurin-17.0.8+7 (17.0.8+7) (build 17.0.8+7)
# Java VM: OpenJDK 64-Bit Server VM Temurin-17.0.8+7 (17.0.8+7, mixed mode, sharing, tiered, compressed oops, compressed class ptrs, g1 gc, windows-amd64)
GC Precious Log:
 CPUs: 8 total, 8 available
 Memory: 5965M
 Large Page Support: Disabled
 NUMA Support: Disabled
 Compressed Oops: Enabled (32-bit)
 Heap Region Size: 1M
 Heap Min Capacity: 8M
 Heap Initial Capacity: 94M
 Heap Max Capacity: 1492M
 Pre-touch: Disabled
 Parallel Workers: 8
 Concurrent Workers: 2
 Concurrent Refinement Workers: 8
 Periodic GC: Disabled
Heap:
 garbage-first heap   total 81920K, used 34446K [0x00000000a2c00000, 0x0000000100000000)
  region size 1024K, 5 young (5120K), 2 survivors (2048K)
 Metaspace       used 35985K, committed 36352K, reserved 1114112K
  class space    used 4705K, committed 4864K, reserved 1048576K
GC Heap History (16 events):
Event: 1.161 GC heap before
{Heap before GC invocations=0 (full 0):
 garbage-first heap   total 96256K, used 27648K [0x00000000a2c00000, 0x0000000100000000)
  region size 1024K, 23 young (23552K), 0 survivors (0K)
 Metaspace       used 3504K, committed 3712K, reserved 1114112K
  class space    used 403K, committed 512K, reserved 1048576K
}
Event: 1.167 GC heap after
{Heap after GC invocations=1 (full 0):
 garbage-first heap   total 96256K, used 13113K [0x00000000a2c00000, 0x0000000100000000)
  region size 1024K, 3 young (3072K), 3 survivors (3072K)
 Metaspace       used 3504K, committed 3712K, reserved 1114112K
  class space    used 403K, committed 512K, reserved 1048576K
}
Event: 2.613 GC heap before
{Heap before GC invocations=1 (full 0):
 garbage-first heap   total 96256K, used 38713K [0x00000000a2c00000, 0x0000000100000000)
  region size 1024K, 28 young (28672K), 3 survivors (3072K)
 Metaspace       used 9968K, committed 10176K, reserved 1114112K
  class space    used 1264K, committed 1344K, reserved 1048576K
}
Event: 2.618 GC heap after
{Heap after GC invocations=2 (full 0):
 garbage-first heap   total 96256K, used 15240K [0x00000000a2c00000, 0x0000000100000000)
  region size 1024K, 3 young (3072K), 3 survivors (3072K)
 Metaspace       used 9968K, committed 10176K, reserved 1114112K
  class space    used 1264K, committed 1344K, reserved 1048576K
}
Event: 4.311 GC heap before
{Heap before GC invocations=2 (full 0):
 garbage-first heap   total 96256K, used 58248K [0x00000000a2c00000, 0x0000000100000000)
  region size 1024K, 41 young (41984K), 3 survivors (3072K)
 Metaspace       used 17203K, committed 17536K, reserved 1114112K
  class space    used 2279K, committed 2432K, reserved 1048576K
}
Event: 4.319 GC heap after
{Heap after GC invocations=3 (full 0):
 garbage-first heap   total 96256K, used 20399K [0x00000000a2c00000, 0x0000000100000000)
  region size 1024K, 6 young (6144K), 6 survivors (6144K)
 Metaspace       used 17203K, committed 17536K, reserved 1114112K
  class space    used 2279K, committed 2432K, reserved 1048576K
}
Event: 4.850 GC heap before
{Heap before GC invocations=3 (full 0):
 garbage-first heap   total 96256K, used 40879K [0x00000000a2c00000, 0x0000000100000000)
  region size 1024K, 28 young (28672K), 6 survivors (6144K)
 Metaspace       used 21168K, committed 21504K, reserved 1114112K
  class space    used 2806K, committed 3008K, reserved 1048576K
}
Event: 4.862 GC heap after
{Heap after GC invocations=4 (full 0):
 garbage-first heap   total 96256K, used 22646K [0x00000000a2c00000, 0x0000000100000000)
  region size 1024K, 3 young (3072K), 3 survivors (3072K)
 Metaspace       used 21168K, committed 21504K, reserved 1114112K
  class space    used 2806K, committed 3008K, reserved 1048576K
}
Event: 6.274 GC heap before
{Heap before GC invocations=5 (full 0):
 garbage-first heap   total 81920K, used 61558K [0x00000000a2c00000, 0x0000000100000000)
  region size 1024K, 41 young (41984K), 3 survivors (3072K)
 Metaspace       used 28260K, committed 28608K, reserved 1114112K
  class space    used 3669K, committed 3840K, reserved 1048576K
}
Event: 6.280 GC heap after
{Heap after GC invocations=6 (full 0):
 garbage-first heap   total 81920K, used 25502K [0x00000000a2c00000, 0x0000000100000000)
  region size 1024K, 5 young (5120K), 5 survivors (5120K)
 Metaspace       used 28260K, committed 28608K, reserved 1114112K
  class space    used 3669K, committed 3840K, reserved 1048576K
}
Event: 8.271 GC heap before
{Heap before GC invocations=6 (full 0):
 garbage-first heap   total 81920K, used 57246K [0x00000000a2c00000, 0x0000000100000000)
  region size 1024K, 36 young (36864K), 5 survivors (5120K)
 Metaspace       used 31145K, committed 31552K, reserved 1114112K
  class space    used 3999K, committed 4160K, reserved 1048576K
}
Event: 8.278 GC heap after
{Heap after GC invocations=7 (full 0):
 garbage-first heap   total 81920K, used 29182K [0x00000000a2c00000, 0x0000000100000000)
  region size 1024K, 4 young (4096K), 4 survivors (4096K)
 Metaspace       used 31145K, committed 31552K, reserved 1114112K
  class space    used 3999K, committed 4160K, reserved 1048576K
}
Event: 9.550 GC heap before
{Heap before GC invocations=7 (full 0):
 garbage-first heap   total 81920K, used 58878K [0x00000000a2c00000, 0x0000000100000000)
  region size 1024K, 33 young (33792K), 4 survivors (4096K)
 Metaspace       used 33799K, committed 34176K, reserved 1114112K
  class space    used 4368K, committed 4544K, reserved 1048576K
}
Event: 9.556 GC heap after
{Heap after GC invocations=8 (full 0):
 garbage-first heap   total 81920K, used 31245K [0x00000000a2c00000, 0x0000000100000000)
  region size 1024K, 3 young (3072K), 3 survivors (3072K)
 Metaspace       used 33799K, committed 34176K, reserved 1114112K
  class space    used 4368K, committed 4544K, reserved 1048576K
}
Event: 10.617 GC heap before
{Heap before GC invocations=8 (full 0):
 garbage-first heap   total 81920K, used 50701K [0x00000000a2c00000, 0x0000000100000000)
  region size 1024K, 23 young (23552K), 3 survivors (3072K)
 Metaspace       used 35822K, committed 36160K, reserved 1114112K
  class space    used 4667K, committed 4800K, reserved 1048576K
}
Event: 10.622 GC heap after
{Heap after GC invocations=9 (full 0):
 garbage-first heap   total 81920K, used 32398K [0x00000000a2c00000, 0x0000000100000000)
  region size 1024K, 2 young (2048K), 2 survivors (2048K)
 Metaspace       used 35822K, committed 36160K, reserved 1114112K
  class space    used 4667K, committed 4800K, reserved 1048576K
}

